CRITICAL - 2021-01-20 16:23:46 --> Class 'App\Models\Pasien_Model' not found
#0 /var/www/html/UKOM/vendor/codeigniter4/framework/system/CodeIgniter.php(890): App\Controllers\Main->__construct()
#1 /var/www/html/UKOM/vendor/codeigniter4/framework/system/CodeIgniter.php(399): CodeIgniter\CodeIgniter->createController()
#2 /var/www/html/UKOM/vendor/codeigniter4/framework/system/CodeIgniter.php(312): CodeIgniter\CodeIgniter->handleRequest()
#3 /var/www/html/UKOM/public/index.php(45): CodeIgniter\CodeIgniter->run()
#4 /var/www/html/UKOM/vendor/codeigniter4/framework/system/Commands/Server/rewrite.php(34): require_once('/var/www/html/U...')
#5 {main}
CRITICAL - 2021-01-20 16:23:58 --> Unable to connect to the database.
#0 /var/www/html/UKOM/vendor/codeigniter4/framework/system/Database/BaseConnection.php(646): CodeIgniter\Database\BaseConnection->initialize()
#1 /var/www/html/UKOM/vendor/codeigniter4/framework/system/Database/BaseBuilder.php(1860): CodeIgniter\Database\BaseConnection->query()
#2 /var/www/html/UKOM/vendor/codeigniter4/framework/system/Model.php(462): CodeIgniter\Database\BaseBuilder->get()
#3 /var/www/html/UKOM/app/Controllers/Main.php(25): CodeIgniter\Model->findAll()
#4 /var/www/html/UKOM/vendor/codeigniter4/framework/system/CodeIgniter.php(918): App\Controllers\Main->index()
#5 /var/www/html/UKOM/vendor/codeigniter4/framework/system/CodeIgniter.php(404): CodeIgniter\CodeIgniter->runController()
#6 /var/www/html/UKOM/vendor/codeigniter4/framework/system/CodeIgniter.php(312): CodeIgniter\CodeIgniter->handleRequest()
#7 /var/www/html/UKOM/public/index.php(45): CodeIgniter\CodeIgniter->run()
#8 /var/www/html/UKOM/vendor/codeigniter4/framework/system/Commands/Server/rewrite.php(34): require_once('/var/www/html/U...')
#9 {main}
CRITICAL - 2021-01-20 16:32:31 --> You have an error in your SQL syntax; check the manual that corresponds to your MySQL server version for the right syntax to use near '.NAMAKEL FROM PASIEN INNER JOIN KELURAHAN ON PASIEN.KODEKEL=KELURAHAN.KODEKEL' at line 1
#0 /var/www/html/UKOM/vendor/codeigniter4/framework/system/Database/MySQLi/Connection.php(331): mysqli->query()
#1 /var/www/html/UKOM/vendor/codeigniter4/framework/system/Database/BaseConnection.php(741): CodeIgniter\Database\MySQLi\Connection->execute()
#2 /var/www/html/UKOM/vendor/codeigniter4/framework/system/Database/BaseConnection.php(669): CodeIgniter\Database\BaseConnection->simpleQuery()
#3 /var/www/html/UKOM/app/Controllers/Main.php(25): CodeIgniter\Database\BaseConnection->query()
#4 /var/www/html/UKOM/vendor/codeigniter4/framework/system/CodeIgniter.php(918): App\Controllers\Main->index()
#5 /var/www/html/UKOM/vendor/codeigniter4/framework/system/CodeIgniter.php(404): CodeIgniter\CodeIgniter->runController()
#6 /var/www/html/UKOM/vendor/codeigniter4/framework/system/CodeIgniter.php(312): CodeIgniter\CodeIgniter->handleRequest()
#7 /var/www/html/UKOM/public/index.php(45): CodeIgniter\CodeIgniter->run()
#8 /var/www/html/UKOM/vendor/codeigniter4/framework/system/Commands/Server/rewrite.php(34): require_once('/var/www/html/U...')
#9 {main}
CRITICAL - 2021-01-20 16:35:51 --> Trying to access array offset on value of type null
#0 /var/www/html/UKOM/app/Views/header.php(40): CodeIgniter\Debug\Exceptions->errorHandler()
#1 /var/www/html/UKOM/vendor/codeigniter4/framework/system/View/View.php(246): include('/var/www/html/U...')
#2 /var/www/html/UKOM/vendor/codeigniter4/framework/system/Common.php(1119): CodeIgniter\View\View->render()
#3 /var/www/html/UKOM/app/Controllers/Main.php(31): view()
#4 /var/www/html/UKOM/vendor/codeigniter4/framework/system/CodeIgniter.php(918): App\Controllers\Main->index()
#5 /var/www/html/UKOM/vendor/codeigniter4/framework/system/CodeIgniter.php(404): CodeIgniter\CodeIgniter->runController()
#6 /var/www/html/UKOM/vendor/codeigniter4/framework/system/CodeIgniter.php(312): CodeIgniter\CodeIgniter->handleRequest()
#7 /var/www/html/UKOM/public/index.php(45): CodeIgniter\CodeIgniter->run()
#8 /var/www/html/UKOM/vendor/codeigniter4/framework/system/Commands/Server/rewrite.php(34): require_once('/var/www/html/U...')
#9 {main}
CRITICAL - 2021-01-20 16:35:52 --> Trying to access array offset on value of type null
#0 /var/www/html/UKOM/app/Views/header.php(40): CodeIgniter\Debug\Exceptions->errorHandler()
#1 /var/www/html/UKOM/vendor/codeigniter4/framework/system/View/View.php(246): include('/var/www/html/U...')
#2 /var/www/html/UKOM/vendor/codeigniter4/framework/system/Common.php(1119): CodeIgniter\View\View->render()
#3 /var/www/html/UKOM/app/Controllers/Main.php(31): view()
#4 /var/www/html/UKOM/vendor/codeigniter4/framework/system/CodeIgniter.php(918): App\Controllers\Main->index()
#5 /var/www/html/UKOM/vendor/codeigniter4/framework/system/CodeIgniter.php(404): CodeIgniter\CodeIgniter->runController()
#6 /var/www/html/UKOM/vendor/codeigniter4/framework/system/CodeIgniter.php(312): CodeIgniter\CodeIgniter->handleRequest()
#7 /var/www/html/UKOM/public/index.php(45): CodeIgniter\CodeIgniter->run()
#8 /var/www/html/UKOM/vendor/codeigniter4/framework/system/Commands/Server/rewrite.php(34): require_once('/var/www/html/U...')
#9 {main}
CRITICAL - 2021-01-20 16:36:06 --> Trying to access array offset on value of type null
#0 /var/www/html/UKOM/app/Views/header.php(40): CodeIgniter\Debug\Exceptions->errorHandler()
#1 /var/www/html/UKOM/vendor/codeigniter4/framework/system/View/View.php(246): include('/var/www/html/U...')
#2 /var/www/html/UKOM/vendor/codeigniter4/framework/system/Common.php(1119): CodeIgniter\View\View->render()
#3 /var/www/html/UKOM/app/Controllers/Main.php(31): view()
#4 /var/www/html/UKOM/vendor/codeigniter4/framework/system/CodeIgniter.php(918): App\Controllers\Main->index()
#5 /var/www/html/UKOM/vendor/codeigniter4/framework/system/CodeIgniter.php(404): CodeIgniter\CodeIgniter->runController()
#6 /var/www/html/UKOM/vendor/codeigniter4/framework/system/CodeIgniter.php(312): CodeIgniter\CodeIgniter->handleRequest()
#7 /var/www/html/UKOM/public/index.php(45): CodeIgniter\CodeIgniter->run()
#8 /var/www/html/UKOM/vendor/codeigniter4/framework/system/Commands/Server/rewrite.php(34): require_once('/var/www/html/U...')
#9 {main}
CRITICAL - 2021-01-20 16:36:07 --> Trying to access array offset on value of type null
#0 /var/www/html/UKOM/app/Views/header.php(40): CodeIgniter\Debug\Exceptions->errorHandler()
#1 /var/www/html/UKOM/vendor/codeigniter4/framework/system/View/View.php(246): include('/var/www/html/U...')
#2 /var/www/html/UKOM/vendor/codeigniter4/framework/system/Common.php(1119): CodeIgniter\View\View->render()
#3 /var/www/html/UKOM/app/Controllers/Main.php(31): view()
#4 /var/www/html/UKOM/vendor/codeigniter4/framework/system/CodeIgniter.php(918): App\Controllers\Main->index()
#5 /var/www/html/UKOM/vendor/codeigniter4/framework/system/CodeIgniter.php(404): CodeIgniter\CodeIgniter->runController()
#6 /var/www/html/UKOM/vendor/codeigniter4/framework/system/CodeIgniter.php(312): CodeIgniter\CodeIgniter->handleRequest()
#7 /var/www/html/UKOM/public/index.php(45): CodeIgniter\CodeIgniter->run()
#8 /var/www/html/UKOM/vendor/codeigniter4/framework/system/Commands/Server/rewrite.php(34): require_once('/var/www/html/U...')
#9 {main}
CRITICAL - 2021-01-20 16:36:08 --> Trying to access array offset on value of type null
#0 /var/www/html/UKOM/app/Views/header.php(40): CodeIgniter\Debug\Exceptions->errorHandler()
#1 /var/www/html/UKOM/vendor/codeigniter4/framework/system/View/View.php(246): include('/var/www/html/U...')
#2 /var/www/html/UKOM/vendor/codeigniter4/framework/system/Common.php(1119): CodeIgniter\View\View->render()
#3 /var/www/html/UKOM/app/Controllers/Main.php(31): view()
#4 /var/www/html/UKOM/vendor/codeigniter4/framework/system/CodeIgniter.php(918): App\Controllers\Main->index()
#5 /var/www/html/UKOM/vendor/codeigniter4/framework/system/CodeIgniter.php(404): CodeIgniter\CodeIgniter->runController()
#6 /var/www/html/UKOM/vendor/codeigniter4/framework/system/CodeIgniter.php(312): CodeIgniter\CodeIgniter->handleRequest()
#7 /var/www/html/UKOM/public/index.php(45): CodeIgniter\CodeIgniter->run()
#8 /var/www/html/UKOM/vendor/codeigniter4/framework/system/Commands/Server/rewrite.php(34): require_once('/var/www/html/U...')
#9 {main}
CRITICAL - 2021-01-20 16:36:08 --> Trying to access array offset on value of type null
#0 /var/www/html/UKOM/app/Views/header.php(40): CodeIgniter\Debug\Exceptions->errorHandler()
#1 /var/www/html/UKOM/vendor/codeigniter4/framework/system/View/View.php(246): include('/var/www/html/U...')
#2 /var/www/html/UKOM/vendor/codeigniter4/framework/system/Common.php(1119): CodeIgniter\View\View->render()
#3 /var/www/html/UKOM/app/Controllers/Main.php(31): view()
#4 /var/www/html/UKOM/vendor/codeigniter4/framework/system/CodeIgniter.php(918): App\Controllers\Main->index()
#5 /var/www/html/UKOM/vendor/codeigniter4/framework/system/CodeIgniter.php(404): CodeIgniter\CodeIgniter->runController()
#6 /var/www/html/UKOM/vendor/codeigniter4/framework/system/CodeIgniter.php(312): CodeIgniter\CodeIgniter->handleRequest()
#7 /var/www/html/UKOM/public/index.php(45): CodeIgniter\CodeIgniter->run()
#8 /var/www/html/UKOM/vendor/codeigniter4/framework/system/Commands/Server/rewrite.php(34): require_once('/var/www/html/U...')
#9 {main}
CRITICAL - 2021-01-20 16:36:08 --> Trying to access array offset on value of type null
#0 /var/www/html/UKOM/app/Views/header.php(40): CodeIgniter\Debug\Exceptions->errorHandler()
#1 /var/www/html/UKOM/vendor/codeigniter4/framework/system/View/View.php(246): include('/var/www/html/U...')
#2 /var/www/html/UKOM/vendor/codeigniter4/framework/system/Common.php(1119): CodeIgniter\View\View->render()
#3 /var/www/html/UKOM/app/Controllers/Main.php(31): view()
#4 /var/www/html/UKOM/vendor/codeigniter4/framework/system/CodeIgniter.php(918): App\Controllers\Main->index()
#5 /var/www/html/UKOM/vendor/codeigniter4/framework/system/CodeIgniter.php(404): CodeIgniter\CodeIgniter->runController()
#6 /var/www/html/UKOM/vendor/codeigniter4/framework/system/CodeIgniter.php(312): CodeIgniter\CodeIgniter->handleRequest()
#7 /var/www/html/UKOM/public/index.php(45): CodeIgniter\CodeIgniter->run()
#8 /var/www/html/UKOM/vendor/codeigniter4/framework/system/Commands/Server/rewrite.php(34): require_once('/var/www/html/U...')
#9 {main}
CRITICAL - 2021-01-20 16:36:09 --> Trying to access array offset on value of type null
#0 /var/www/html/UKOM/app/Views/header.php(40): CodeIgniter\Debug\Exceptions->errorHandler()
#1 /var/www/html/UKOM/vendor/codeigniter4/framework/system/View/View.php(246): include('/var/www/html/U...')
#2 /var/www/html/UKOM/vendor/codeigniter4/framework/system/Common.php(1119): CodeIgniter\View\View->render()
#3 /var/www/html/UKOM/app/Controllers/Main.php(31): view()
#4 /var/www/html/UKOM/vendor/codeigniter4/framework/system/CodeIgniter.php(918): App\Controllers\Main->index()
#5 /var/www/html/UKOM/vendor/codeigniter4/framework/system/CodeIgniter.php(404): CodeIgniter\CodeIgniter->runController()
#6 /var/www/html/UKOM/vendor/codeigniter4/framework/system/CodeIgniter.php(312): CodeIgniter\CodeIgniter->handleRequest()
#7 /var/www/html/UKOM/public/index.php(45): CodeIgniter\CodeIgniter->run()
#8 /var/www/html/UKOM/vendor/codeigniter4/framework/system/Commands/Server/rewrite.php(34): require_once('/var/www/html/U...')
#9 {main}
CRITICAL - 2021-01-20 16:36:53 --> Trying to access array offset on value of type null
#0 /var/www/html/UKOM/app/Views/header.php(40): CodeIgniter\Debug\Exceptions->errorHandler()
#1 /var/www/html/UKOM/vendor/codeigniter4/framework/system/View/View.php(246): include('/var/www/html/U...')
#2 /var/www/html/UKOM/vendor/codeigniter4/framework/system/Common.php(1119): CodeIgniter\View\View->render()
#3 /var/www/html/UKOM/app/Controllers/Main.php(31): view()
#4 /var/www/html/UKOM/vendor/codeigniter4/framework/system/CodeIgniter.php(918): App\Controllers\Main->index()
#5 /var/www/html/UKOM/vendor/codeigniter4/framework/system/CodeIgniter.php(404): CodeIgniter\CodeIgniter->runController()
#6 /var/www/html/UKOM/vendor/codeigniter4/framework/system/CodeIgniter.php(312): CodeIgniter\CodeIgniter->handleRequest()
#7 /var/www/html/UKOM/public/index.php(45): CodeIgniter\CodeIgniter->run()
#8 /var/www/html/UKOM/vendor/codeigniter4/framework/system/Commands/Server/rewrite.php(34): require_once('/var/www/html/U...')
#9 {main}
CRITICAL - 2021-01-20 16:36:54 --> Trying to access array offset on value of type null
#0 /var/www/html/UKOM/app/Views/header.php(40): CodeIgniter\Debug\Exceptions->errorHandler()
#1 /var/www/html/UKOM/vendor/codeigniter4/framework/system/View/View.php(246): include('/var/www/html/U...')
#2 /var/www/html/UKOM/vendor/codeigniter4/framework/system/Common.php(1119): CodeIgniter\View\View->render()
#3 /var/www/html/UKOM/app/Controllers/Main.php(31): view()
#4 /var/www/html/UKOM/vendor/codeigniter4/framework/system/CodeIgniter.php(918): App\Controllers\Main->index()
#5 /var/www/html/UKOM/vendor/codeigniter4/framework/system/CodeIgniter.php(404): CodeIgniter\CodeIgniter->runController()
#6 /var/www/html/UKOM/vendor/codeigniter4/framework/system/CodeIgniter.php(312): CodeIgniter\CodeIgniter->handleRequest()
#7 /var/www/html/UKOM/public/index.php(45): CodeIgniter\CodeIgniter->run()
#8 /var/www/html/UKOM/vendor/codeigniter4/framework/system/Commands/Server/rewrite.php(34): require_once('/var/www/html/U...')
#9 {main}
CRITICAL - 2021-01-20 16:37:06 --> syntax error, unexpected ';', expecting ')'
#0 /var/www/html/UKOM/vendor/codeigniter4/framework/system/Common.php(1119): CodeIgniter\View\View->render()
#1 /var/www/html/UKOM/app/Controllers/Main.php(31): view()
#2 /var/www/html/UKOM/vendor/codeigniter4/framework/system/CodeIgniter.php(918): App\Controllers\Main->index()
#3 /var/www/html/UKOM/vendor/codeigniter4/framework/system/CodeIgniter.php(404): CodeIgniter\CodeIgniter->runController()
#4 /var/www/html/UKOM/vendor/codeigniter4/framework/system/CodeIgniter.php(312): CodeIgniter\CodeIgniter->handleRequest()
#5 /var/www/html/UKOM/public/index.php(45): CodeIgniter\CodeIgniter->run()
#6 /var/www/html/UKOM/vendor/codeigniter4/framework/system/Commands/Server/rewrite.php(34): require_once('/var/www/html/U...')
#7 {main}
CRITICAL - 2021-01-20 16:37:07 --> syntax error, unexpected ';', expecting ')'
#0 /var/www/html/UKOM/vendor/codeigniter4/framework/system/Common.php(1119): CodeIgniter\View\View->render()
#1 /var/www/html/UKOM/app/Controllers/Main.php(31): view()
#2 /var/www/html/UKOM/vendor/codeigniter4/framework/system/CodeIgniter.php(918): App\Controllers\Main->index()
#3 /var/www/html/UKOM/vendor/codeigniter4/framework/system/CodeIgniter.php(404): CodeIgniter\CodeIgniter->runController()
#4 /var/www/html/UKOM/vendor/codeigniter4/framework/system/CodeIgniter.php(312): CodeIgniter\CodeIgniter->handleRequest()
#5 /var/www/html/UKOM/public/index.php(45): CodeIgniter\CodeIgniter->run()
#6 /var/www/html/UKOM/vendor/codeigniter4/framework/system/Commands/Server/rewrite.php(34): require_once('/var/www/html/U...')
#7 {main}
CRITICAL - 2021-01-20 16:37:07 --> syntax error, unexpected ';', expecting ')'
#0 /var/www/html/UKOM/vendor/codeigniter4/framework/system/Common.php(1119): CodeIgniter\View\View->render()
#1 /var/www/html/UKOM/app/Controllers/Main.php(31): view()
#2 /var/www/html/UKOM/vendor/codeigniter4/framework/system/CodeIgniter.php(918): App\Controllers\Main->index()
#3 /var/www/html/UKOM/vendor/codeigniter4/framework/system/CodeIgniter.php(404): CodeIgniter\CodeIgniter->runController()
#4 /var/www/html/UKOM/vendor/codeigniter4/framework/system/CodeIgniter.php(312): CodeIgniter\CodeIgniter->handleRequest()
#5 /var/www/html/UKOM/public/index.php(45): CodeIgniter\CodeIgniter->run()
#6 /var/www/html/UKOM/vendor/codeigniter4/framework/system/Commands/Server/rewrite.php(34): require_once('/var/www/html/U...')
#7 {main}
CRITICAL - 2021-01-20 16:37:11 --> syntax error, unexpected ';', expecting ')'
#0 /var/www/html/UKOM/vendor/codeigniter4/framework/system/Common.php(1119): CodeIgniter\View\View->render()
#1 /var/www/html/UKOM/app/Controllers/Main.php(31): view()
#2 /var/www/html/UKOM/vendor/codeigniter4/framework/system/CodeIgniter.php(918): App\Controllers\Main->index()
#3 /var/www/html/UKOM/vendor/codeigniter4/framework/system/CodeIgniter.php(404): CodeIgniter\CodeIgniter->runController()
#4 /var/www/html/UKOM/vendor/codeigniter4/framework/system/CodeIgniter.php(312): CodeIgniter\CodeIgniter->handleRequest()
#5 /var/www/html/UKOM/public/index.php(45): CodeIgniter\CodeIgniter->run()
#6 /var/www/html/UKOM/vendor/codeigniter4/framework/system/Commands/Server/rewrite.php(34): require_once('/var/www/html/U...')
#7 {main}
CRITICAL - 2021-01-20 16:54:25 --> Undefined index: DESEMBER-20
#0 /var/www/html/UKOM/app/Controllers/Main.php(35): CodeIgniter\Debug\Exceptions->errorHandler()
#1 /var/www/html/UKOM/vendor/codeigniter4/framework/system/CodeIgniter.php(918): App\Controllers\Main->index()
#2 /var/www/html/UKOM/vendor/codeigniter4/framework/system/CodeIgniter.php(404): CodeIgniter\CodeIgniter->runController()
#3 /var/www/html/UKOM/vendor/codeigniter4/framework/system/CodeIgniter.php(312): CodeIgniter\CodeIgniter->handleRequest()
#4 /var/www/html/UKOM/public/index.php(45): CodeIgniter\CodeIgniter->run()
#5 /var/www/html/UKOM/vendor/codeigniter4/framework/system/Commands/Server/rewrite.php(34): require_once('/var/www/html/U...')
#6 {main}
CRITICAL - 2021-01-20 16:54:27 --> Undefined index: DESEMBER-20
#0 /var/www/html/UKOM/app/Controllers/Main.php(35): CodeIgniter\Debug\Exceptions->errorHandler()
#1 /var/www/html/UKOM/vendor/codeigniter4/framework/system/CodeIgniter.php(918): App\Controllers\Main->index()
#2 /var/www/html/UKOM/vendor/codeigniter4/framework/system/CodeIgniter.php(404): CodeIgniter\CodeIgniter->runController()
#3 /var/www/html/UKOM/vendor/codeigniter4/framework/system/CodeIgniter.php(312): CodeIgniter\CodeIgniter->handleRequest()
#4 /var/www/html/UKOM/public/index.php(45): CodeIgniter\CodeIgniter->run()
#5 /var/www/html/UKOM/vendor/codeigniter4/framework/system/Commands/Server/rewrite.php(34): require_once('/var/www/html/U...')
#6 {main}
CRITICAL - 2021-01-20 16:57:26 --> Undefined property: stdClass::$MASUk
#0 /var/www/html/UKOM/app/Controllers/Main.php(35): CodeIgniter\Debug\Exceptions->errorHandler()
#1 /var/www/html/UKOM/vendor/codeigniter4/framework/system/CodeIgniter.php(918): App\Controllers\Main->index()
#2 /var/www/html/UKOM/vendor/codeigniter4/framework/system/CodeIgniter.php(404): CodeIgniter\CodeIgniter->runController()
#3 /var/www/html/UKOM/vendor/codeigniter4/framework/system/CodeIgniter.php(312): CodeIgniter\CodeIgniter->handleRequest()
#4 /var/www/html/UKOM/public/index.php(45): CodeIgniter\CodeIgniter->run()
#5 /var/www/html/UKOM/vendor/codeigniter4/framework/system/Commands/Server/rewrite.php(34): require_once('/var/www/html/U...')
#6 {main}
CRITICAL - 2021-01-20 17:30:41 --> Maximum execution time of 60 seconds exceeded
#0 [internal function]: CodeIgniter\Debug\Exceptions->shutdownHandler()
#1 {main}
CRITICAL - 2021-01-20 17:31:41 --> Maximum execution time of 60 seconds exceeded
#0 [internal function]: CodeIgniter\Debug\Exceptions->shutdownHandler()
#1 {main}
CRITICAL - 2021-01-20 17:32:41 --> Maximum execution time of 60 seconds exceeded
#0 [internal function]: CodeIgniter\Debug\Exceptions->shutdownHandler()
#1 {main}
CRITICAL - 2021-01-20 17:33:41 --> Maximum execution time of 60 seconds exceeded
#0 [internal function]: CodeIgniter\Debug\Exceptions->shutdownHandler()
#1 {main}
CRITICAL - 2021-01-20 17:34:41 --> Maximum execution time of 60 seconds exceeded
#0 [internal function]: CodeIgniter\Debug\Exceptions->shutdownHandler()
#1 {main}
CRITICAL - 2021-01-20 17:35:51 --> Maximum execution time of 60 seconds exceeded
#0 [internal function]: CodeIgniter\Debug\Exceptions->shutdownHandler()
#1 {main}
CRITICAL - 2021-01-20 17:37:47 --> Maximum execution time of 60 seconds exceeded
#0 [internal function]: CodeIgniter\Debug\Exceptions->shutdownHandler()
#1 {main}
CRITICAL - 2021-01-20 17:38:46 --> Undefined offset: 1
#0 /var/www/html/UKOM/app/Controllers/Main.php(48): CodeIgniter\Debug\Exceptions->errorHandler()
#1 /var/www/html/UKOM/vendor/codeigniter4/framework/system/CodeIgniter.php(918): App\Controllers\Main->index()
#2 /var/www/html/UKOM/vendor/codeigniter4/framework/system/CodeIgniter.php(404): CodeIgniter\CodeIgniter->runController()
#3 /var/www/html/UKOM/vendor/codeigniter4/framework/system/CodeIgniter.php(312): CodeIgniter\CodeIgniter->handleRequest()
#4 /var/www/html/UKOM/public/index.php(45): CodeIgniter\CodeIgniter->run()
#5 /var/www/html/UKOM/vendor/codeigniter4/framework/system/Commands/Server/rewrite.php(34): require_once('/var/www/html/U...')
#6 {main}
CRITICAL - 2021-01-20 17:38:48 --> Undefined offset: 1
#0 /var/www/html/UKOM/app/Controllers/Main.php(48): CodeIgniter\Debug\Exceptions->errorHandler()
#1 /var/www/html/UKOM/vendor/codeigniter4/framework/system/CodeIgniter.php(918): App\Controllers\Main->index()
#2 /var/www/html/UKOM/vendor/codeigniter4/framework/system/CodeIgniter.php(404): CodeIgniter\CodeIgniter->runController()
#3 /var/www/html/UKOM/vendor/codeigniter4/framework/system/CodeIgniter.php(312): CodeIgniter\CodeIgniter->handleRequest()
#4 /var/www/html/UKOM/public/index.php(45): CodeIgniter\CodeIgniter->run()
#5 /var/www/html/UKOM/vendor/codeigniter4/framework/system/Commands/Server/rewrite.php(34): require_once('/var/www/html/U...')
#6 {main}
CRITICAL - 2021-01-20 17:39:15 --> Undefined offset: 1
#0 /var/www/html/UKOM/app/Controllers/Main.php(48): CodeIgniter\Debug\Exceptions->errorHandler()
#1 /var/www/html/UKOM/vendor/codeigniter4/framework/system/CodeIgniter.php(918): App\Controllers\Main->index()
#2 /var/www/html/UKOM/vendor/codeigniter4/framework/system/CodeIgniter.php(404): CodeIgniter\CodeIgniter->runController()
#3 /var/www/html/UKOM/vendor/codeigniter4/framework/system/CodeIgniter.php(312): CodeIgniter\CodeIgniter->handleRequest()
#4 /var/www/html/UKOM/public/index.php(45): CodeIgniter\CodeIgniter->run()
#5 /var/www/html/UKOM/vendor/codeigniter4/framework/system/Commands/Server/rewrite.php(34): require_once('/var/www/html/U...')
#6 {main}
CRITICAL - 2021-01-20 17:39:15 --> Undefined offset: 1
#0 /var/www/html/UKOM/app/Controllers/Main.php(48): CodeIgniter\Debug\Exceptions->errorHandler()
#1 /var/www/html/UKOM/vendor/codeigniter4/framework/system/CodeIgniter.php(918): App\Controllers\Main->index()
#2 /var/www/html/UKOM/vendor/codeigniter4/framework/system/CodeIgniter.php(404): CodeIgniter\CodeIgniter->runController()
#3 /var/www/html/UKOM/vendor/codeigniter4/framework/system/CodeIgniter.php(312): CodeIgniter\CodeIgniter->handleRequest()
#4 /var/www/html/UKOM/public/index.php(45): CodeIgniter\CodeIgniter->run()
#5 /var/www/html/UKOM/vendor/codeigniter4/framework/system/Commands/Server/rewrite.php(34): require_once('/var/www/html/U...')
#6 {main}
CRITICAL - 2021-01-20 17:39:16 --> Undefined offset: 1
#0 /var/www/html/UKOM/app/Controllers/Main.php(48): CodeIgniter\Debug\Exceptions->errorHandler()
#1 /var/www/html/UKOM/vendor/codeigniter4/framework/system/CodeIgniter.php(918): App\Controllers\Main->index()
#2 /var/www/html/UKOM/vendor/codeigniter4/framework/system/CodeIgniter.php(404): CodeIgniter\CodeIgniter->runController()
#3 /var/www/html/UKOM/vendor/codeigniter4/framework/system/CodeIgniter.php(312): CodeIgniter\CodeIgniter->handleRequest()
#4 /var/www/html/UKOM/public/index.php(45): CodeIgniter\CodeIgniter->run()
#5 /var/www/html/UKOM/vendor/codeigniter4/framework/system/Commands/Server/rewrite.php(34): require_once('/var/www/html/U...')
#6 {main}
CRITICAL - 2021-01-20 17:39:16 --> Undefined offset: 1
#0 /var/www/html/UKOM/app/Controllers/Main.php(48): CodeIgniter\Debug\Exceptions->errorHandler()
#1 /var/www/html/UKOM/vendor/codeigniter4/framework/system/CodeIgniter.php(918): App\Controllers\Main->index()
#2 /var/www/html/UKOM/vendor/codeigniter4/framework/system/CodeIgniter.php(404): CodeIgniter\CodeIgniter->runController()
#3 /var/www/html/UKOM/vendor/codeigniter4/framework/system/CodeIgniter.php(312): CodeIgniter\CodeIgniter->handleRequest()
#4 /var/www/html/UKOM/public/index.php(45): CodeIgniter\CodeIgniter->run()
#5 /var/www/html/UKOM/vendor/codeigniter4/framework/system/Commands/Server/rewrite.php(34): require_once('/var/www/html/U...')
#6 {main}
CRITICAL - 2021-01-20 17:39:17 --> Undefined offset: 1
#0 /var/www/html/UKOM/app/Controllers/Main.php(48): CodeIgniter\Debug\Exceptions->errorHandler()
#1 /var/www/html/UKOM/vendor/codeigniter4/framework/system/CodeIgniter.php(918): App\Controllers\Main->index()
#2 /var/www/html/UKOM/vendor/codeigniter4/framework/system/CodeIgniter.php(404): CodeIgniter\CodeIgniter->runController()
#3 /var/www/html/UKOM/vendor/codeigniter4/framework/system/CodeIgniter.php(312): CodeIgniter\CodeIgniter->handleRequest()
#4 /var/www/html/UKOM/public/index.php(45): CodeIgniter\CodeIgniter->run()
#5 /var/www/html/UKOM/vendor/codeigniter4/framework/system/Commands/Server/rewrite.php(34): require_once('/var/www/html/U...')
#6 {main}
CRITICAL - 2021-01-20 17:39:25 --> Undefined offset: 1
#0 /var/www/html/UKOM/app/Controllers/Main.php(48): CodeIgniter\Debug\Exceptions->errorHandler()
#1 /var/www/html/UKOM/vendor/codeigniter4/framework/system/CodeIgniter.php(918): App\Controllers\Main->index()
#2 /var/www/html/UKOM/vendor/codeigniter4/framework/system/CodeIgniter.php(404): CodeIgniter\CodeIgniter->runController()
#3 /var/www/html/UKOM/vendor/codeigniter4/framework/system/CodeIgniter.php(312): CodeIgniter\CodeIgniter->handleRequest()
#4 /var/www/html/UKOM/public/index.php(45): CodeIgniter\CodeIgniter->run()
#5 /var/www/html/UKOM/vendor/codeigniter4/framework/system/Commands/Server/rewrite.php(34): require_once('/var/www/html/U...')
#6 {main}
CRITICAL - 2021-01-20 17:39:26 --> Undefined offset: 1
#0 /var/www/html/UKOM/app/Controllers/Main.php(48): CodeIgniter\Debug\Exceptions->errorHandler()
#1 /var/www/html/UKOM/vendor/codeigniter4/framework/system/CodeIgniter.php(918): App\Controllers\Main->index()
#2 /var/www/html/UKOM/vendor/codeigniter4/framework/system/CodeIgniter.php(404): CodeIgniter\CodeIgniter->runController()
#3 /var/www/html/UKOM/vendor/codeigniter4/framework/system/CodeIgniter.php(312): CodeIgniter\CodeIgniter->handleRequest()
#4 /var/www/html/UKOM/public/index.php(45): CodeIgniter\CodeIgniter->run()
#5 /var/www/html/UKOM/vendor/codeigniter4/framework/system/Commands/Server/rewrite.php(34): require_once('/var/www/html/U...')
#6 {main}
CRITICAL - 2021-01-20 17:39:26 --> Undefined offset: 1
#0 /var/www/html/UKOM/app/Controllers/Main.php(48): CodeIgniter\Debug\Exceptions->errorHandler()
#1 /var/www/html/UKOM/vendor/codeigniter4/framework/system/CodeIgniter.php(918): App\Controllers\Main->index()
#2 /var/www/html/UKOM/vendor/codeigniter4/framework/system/CodeIgniter.php(404): CodeIgniter\CodeIgniter->runController()
#3 /var/www/html/UKOM/vendor/codeigniter4/framework/system/CodeIgniter.php(312): CodeIgniter\CodeIgniter->handleRequest()
#4 /var/www/html/UKOM/public/index.php(45): CodeIgniter\CodeIgniter->run()
#5 /var/www/html/UKOM/vendor/codeigniter4/framework/system/Commands/Server/rewrite.php(34): require_once('/var/www/html/U...')
#6 {main}
CRITICAL - 2021-01-20 17:39:27 --> Undefined offset: 1
#0 /var/www/html/UKOM/app/Controllers/Main.php(48): CodeIgniter\Debug\Exceptions->errorHandler()
#1 /var/www/html/UKOM/vendor/codeigniter4/framework/system/CodeIgniter.php(918): App\Controllers\Main->index()
#2 /var/www/html/UKOM/vendor/codeigniter4/framework/system/CodeIgniter.php(404): CodeIgniter\CodeIgniter->runController()
#3 /var/www/html/UKOM/vendor/codeigniter4/framework/system/CodeIgniter.php(312): CodeIgniter\CodeIgniter->handleRequest()
#4 /var/www/html/UKOM/public/index.php(45): CodeIgniter\CodeIgniter->run()
#5 /var/www/html/UKOM/vendor/codeigniter4/framework/system/Commands/Server/rewrite.php(34): require_once('/var/www/html/U...')
#6 {main}
CRITICAL - 2021-01-20 17:39:27 --> Undefined offset: 1
#0 /var/www/html/UKOM/app/Controllers/Main.php(48): CodeIgniter\Debug\Exceptions->errorHandler()
#1 /var/www/html/UKOM/vendor/codeigniter4/framework/system/CodeIgniter.php(918): App\Controllers\Main->index()
#2 /var/www/html/UKOM/vendor/codeigniter4/framework/system/CodeIgniter.php(404): CodeIgniter\CodeIgniter->runController()
#3 /var/www/html/UKOM/vendor/codeigniter4/framework/system/CodeIgniter.php(312): CodeIgniter\CodeIgniter->handleRequest()
#4 /var/www/html/UKOM/public/index.php(45): CodeIgniter\CodeIgniter->run()
#5 /var/www/html/UKOM/vendor/codeigniter4/framework/system/Commands/Server/rewrite.php(34): require_once('/var/www/html/U...')
#6 {main}
CRITICAL - 2021-01-20 17:39:27 --> Undefined offset: 1
#0 /var/www/html/UKOM/app/Controllers/Main.php(48): CodeIgniter\Debug\Exceptions->errorHandler()
#1 /var/www/html/UKOM/vendor/codeigniter4/framework/system/CodeIgniter.php(918): App\Controllers\Main->index()
#2 /var/www/html/UKOM/vendor/codeigniter4/framework/system/CodeIgniter.php(404): CodeIgniter\CodeIgniter->runController()
#3 /var/www/html/UKOM/vendor/codeigniter4/framework/system/CodeIgniter.php(312): CodeIgniter\CodeIgniter->handleRequest()
#4 /var/www/html/UKOM/public/index.php(45): CodeIgniter\CodeIgniter->run()
#5 /var/www/html/UKOM/vendor/codeigniter4/framework/system/Commands/Server/rewrite.php(34): require_once('/var/www/html/U...')
#6 {main}
CRITICAL - 2021-01-20 17:39:27 --> Undefined offset: 1
#0 /var/www/html/UKOM/app/Controllers/Main.php(48): CodeIgniter\Debug\Exceptions->errorHandler()
#1 /var/www/html/UKOM/vendor/codeigniter4/framework/system/CodeIgniter.php(918): App\Controllers\Main->index()
#2 /var/www/html/UKOM/vendor/codeigniter4/framework/system/CodeIgniter.php(404): CodeIgniter\CodeIgniter->runController()
#3 /var/www/html/UKOM/vendor/codeigniter4/framework/system/CodeIgniter.php(312): CodeIgniter\CodeIgniter->handleRequest()
#4 /var/www/html/UKOM/public/index.php(45): CodeIgniter\CodeIgniter->run()
#5 /var/www/html/UKOM/vendor/codeigniter4/framework/system/Commands/Server/rewrite.php(34): require_once('/var/www/html/U...')
#6 {main}
CRITICAL - 2021-01-20 17:40:45 --> Maximum execution time of 60 seconds exceeded
#0 [internal function]: CodeIgniter\Debug\Exceptions->shutdownHandler()
#1 {main}
CRITICAL - 2021-01-20 17:41:45 --> Maximum execution time of 60 seconds exceeded
#0 [internal function]: CodeIgniter\Debug\Exceptions->shutdownHandler()
#1 {main}
CRITICAL - 2021-01-20 17:41:45 --> Undefined offset: 1
#0 /var/www/html/UKOM/app/Controllers/Main.php(48): CodeIgniter\Debug\Exceptions->errorHandler()
#1 /var/www/html/UKOM/vendor/codeigniter4/framework/system/CodeIgniter.php(918): App\Controllers\Main->index()
#2 /var/www/html/UKOM/vendor/codeigniter4/framework/system/CodeIgniter.php(404): CodeIgniter\CodeIgniter->runController()
#3 /var/www/html/UKOM/vendor/codeigniter4/framework/system/CodeIgniter.php(312): CodeIgniter\CodeIgniter->handleRequest()
#4 /var/www/html/UKOM/public/index.php(45): CodeIgniter\CodeIgniter->run()
#5 /var/www/html/UKOM/vendor/codeigniter4/framework/system/Commands/Server/rewrite.php(34): require_once('/var/www/html/U...')
#6 {main}
CRITICAL - 2021-01-20 17:41:45 --> Undefined offset: 1
#0 /var/www/html/UKOM/app/Controllers/Main.php(48): CodeIgniter\Debug\Exceptions->errorHandler()
#1 /var/www/html/UKOM/vendor/codeigniter4/framework/system/CodeIgniter.php(918): App\Controllers\Main->index()
#2 /var/www/html/UKOM/vendor/codeigniter4/framework/system/CodeIgniter.php(404): CodeIgniter\CodeIgniter->runController()
#3 /var/www/html/UKOM/vendor/codeigniter4/framework/system/CodeIgniter.php(312): CodeIgniter\CodeIgniter->handleRequest()
#4 /var/www/html/UKOM/public/index.php(45): CodeIgniter\CodeIgniter->run()
#5 /var/www/html/UKOM/vendor/codeigniter4/framework/system/Commands/Server/rewrite.php(34): require_once('/var/www/html/U...')
#6 {main}
CRITICAL - 2021-01-20 17:41:45 --> Undefined offset: 1
#0 /var/www/html/UKOM/app/Controllers/Main.php(48): CodeIgniter\Debug\Exceptions->errorHandler()
#1 /var/www/html/UKOM/vendor/codeigniter4/framework/system/CodeIgniter.php(918): App\Controllers\Main->index()
#2 /var/www/html/UKOM/vendor/codeigniter4/framework/system/CodeIgniter.php(404): CodeIgniter\CodeIgniter->runController()
#3 /var/www/html/UKOM/vendor/codeigniter4/framework/system/CodeIgniter.php(312): CodeIgniter\CodeIgniter->handleRequest()
#4 /var/www/html/UKOM/public/index.php(45): CodeIgniter\CodeIgniter->run()
#5 /var/www/html/UKOM/vendor/codeigniter4/framework/system/Commands/Server/rewrite.php(34): require_once('/var/www/html/U...')
#6 {main}
CRITICAL - 2021-01-20 17:41:45 --> Undefined offset: 1
#0 /var/www/html/UKOM/app/Controllers/Main.php(48): CodeIgniter\Debug\Exceptions->errorHandler()
#1 /var/www/html/UKOM/vendor/codeigniter4/framework/system/CodeIgniter.php(918): App\Controllers\Main->index()
#2 /var/www/html/UKOM/vendor/codeigniter4/framework/system/CodeIgniter.php(404): CodeIgniter\CodeIgniter->runController()
#3 /var/www/html/UKOM/vendor/codeigniter4/framework/system/CodeIgniter.php(312): CodeIgniter\CodeIgniter->handleRequest()
#4 /var/www/html/UKOM/public/index.php(45): CodeIgniter\CodeIgniter->run()
#5 /var/www/html/UKOM/vendor/codeigniter4/framework/system/Commands/Server/rewrite.php(34): require_once('/var/www/html/U...')
#6 {main}
CRITICAL - 2021-01-20 17:43:48 --> Maximum execution time of 60 seconds exceeded
#0 [internal function]: CodeIgniter\Debug\Exceptions->shutdownHandler()
#1 {main}
CRITICAL - 2021-01-20 17:54:41 --> Array to string conversion
#0 /var/www/html/UKOM/app/Views/header.php(135): CodeIgniter\Debug\Exceptions->errorHandler()
#1 /var/www/html/UKOM/vendor/codeigniter4/framework/system/View/View.php(246): include('/var/www/html/U...')
#2 /var/www/html/UKOM/vendor/codeigniter4/framework/system/Common.php(1119): CodeIgniter\View\View->render()
#3 /var/www/html/UKOM/app/Controllers/Main.php(54): view()
#4 /var/www/html/UKOM/vendor/codeigniter4/framework/system/CodeIgniter.php(918): App\Controllers\Main->index()
#5 /var/www/html/UKOM/vendor/codeigniter4/framework/system/CodeIgniter.php(404): CodeIgniter\CodeIgniter->runController()
#6 /var/www/html/UKOM/vendor/codeigniter4/framework/system/CodeIgniter.php(312): CodeIgniter\CodeIgniter->handleRequest()
#7 /var/www/html/UKOM/public/index.php(45): CodeIgniter\CodeIgniter->run()
#8 /var/www/html/UKOM/vendor/codeigniter4/framework/system/Commands/Server/rewrite.php(34): require_once('/var/www/html/U...')
#9 {main}
CRITICAL - 2021-01-20 17:55:16 --> Object of class stdClass could not be converted to string
#0 /var/www/html/UKOM/vendor/codeigniter4/framework/system/View/View.php(246): include()
#1 /var/www/html/UKOM/vendor/codeigniter4/framework/system/Common.php(1119): CodeIgniter\View\View->render()
#2 /var/www/html/UKOM/app/Controllers/Main.php(54): view()
#3 /var/www/html/UKOM/vendor/codeigniter4/framework/system/CodeIgniter.php(918): App\Controllers\Main->index()
#4 /var/www/html/UKOM/vendor/codeigniter4/framework/system/CodeIgniter.php(404): CodeIgniter\CodeIgniter->runController()
#5 /var/www/html/UKOM/vendor/codeigniter4/framework/system/CodeIgniter.php(312): CodeIgniter\CodeIgniter->handleRequest()
#6 /var/www/html/UKOM/public/index.php(45): CodeIgniter\CodeIgniter->run()
#7 /var/www/html/UKOM/vendor/codeigniter4/framework/system/Commands/Server/rewrite.php(34): require_once('/var/www/html/U...')
#8 {main}
CRITICAL - 2021-01-20 17:55:17 --> Object of class stdClass could not be converted to string
#0 /var/www/html/UKOM/vendor/codeigniter4/framework/system/View/View.php(246): include()
#1 /var/www/html/UKOM/vendor/codeigniter4/framework/system/Common.php(1119): CodeIgniter\View\View->render()
#2 /var/www/html/UKOM/app/Controllers/Main.php(54): view()
#3 /var/www/html/UKOM/vendor/codeigniter4/framework/system/CodeIgniter.php(918): App\Controllers\Main->index()
#4 /var/www/html/UKOM/vendor/codeigniter4/framework/system/CodeIgniter.php(404): CodeIgniter\CodeIgniter->runController()
#5 /var/www/html/UKOM/vendor/codeigniter4/framework/system/CodeIgniter.php(312): CodeIgniter\CodeIgniter->handleRequest()
#6 /var/www/html/UKOM/public/index.php(45): CodeIgniter\CodeIgniter->run()
#7 /var/www/html/UKOM/vendor/codeigniter4/framework/system/Commands/Server/rewrite.php(34): require_once('/var/www/html/U...')
#8 {main}
CRITICAL - 2021-01-20 17:55:46 --> Undefined variable: Females
#0 /var/www/html/UKOM/app/Views/header.php(135): CodeIgniter\Debug\Exceptions->errorHandler()
#1 /var/www/html/UKOM/vendor/codeigniter4/framework/system/View/View.php(246): include('/var/www/html/U...')
#2 /var/www/html/UKOM/vendor/codeigniter4/framework/system/Common.php(1119): CodeIgniter\View\View->render()
#3 /var/www/html/UKOM/app/Controllers/Main.php(54): view()
#4 /var/www/html/UKOM/vendor/codeigniter4/framework/system/CodeIgniter.php(918): App\Controllers\Main->index()
#5 /var/www/html/UKOM/vendor/codeigniter4/framework/system/CodeIgniter.php(404): CodeIgniter\CodeIgniter->runController()
#6 /var/www/html/UKOM/vendor/codeigniter4/framework/system/CodeIgniter.php(312): CodeIgniter\CodeIgniter->handleRequest()
#7 /var/www/html/UKOM/public/index.php(45): CodeIgniter\CodeIgniter->run()
#8 /var/www/html/UKOM/vendor/codeigniter4/framework/system/Commands/Server/rewrite.php(34): require_once('/var/www/html/U...')
#9 {main}
CRITICAL - 2021-01-20 17:56:00 --> Undefined variable: Females
#0 /var/www/html/UKOM/app/Views/header.php(135): CodeIgniter\Debug\Exceptions->errorHandler()
#1 /var/www/html/UKOM/vendor/codeigniter4/framework/system/View/View.php(246): include('/var/www/html/U...')
#2 /var/www/html/UKOM/vendor/codeigniter4/framework/system/Common.php(1119): CodeIgniter\View\View->render()
#3 /var/www/html/UKOM/app/Controllers/Main.php(54): view()
#4 /var/www/html/UKOM/vendor/codeigniter4/framework/system/CodeIgniter.php(918): App\Controllers\Main->index()
#5 /var/www/html/UKOM/vendor/codeigniter4/framework/system/CodeIgniter.php(404): CodeIgniter\CodeIgniter->runController()
#6 /var/www/html/UKOM/vendor/codeigniter4/framework/system/CodeIgniter.php(312): CodeIgniter\CodeIgniter->handleRequest()
#7 /var/www/html/UKOM/public/index.php(45): CodeIgniter\CodeIgniter->run()
#8 /var/www/html/UKOM/vendor/codeigniter4/framework/system/Commands/Server/rewrite.php(34): require_once('/var/www/html/U...')
#9 {main}
CRITICAL - 2021-01-20 17:56:01 --> Undefined variable: Females
#0 /var/www/html/UKOM/app/Views/header.php(135): CodeIgniter\Debug\Exceptions->errorHandler()
#1 /var/www/html/UKOM/vendor/codeigniter4/framework/system/View/View.php(246): include('/var/www/html/U...')
#2 /var/www/html/UKOM/vendor/codeigniter4/framework/system/Common.php(1119): CodeIgniter\View\View->render()
#3 /var/www/html/UKOM/app/Controllers/Main.php(54): view()
#4 /var/www/html/UKOM/vendor/codeigniter4/framework/system/CodeIgniter.php(918): App\Controllers\Main->index()
#5 /var/www/html/UKOM/vendor/codeigniter4/framework/system/CodeIgniter.php(404): CodeIgniter\CodeIgniter->runController()
#6 /var/www/html/UKOM/vendor/codeigniter4/framework/system/CodeIgniter.php(312): CodeIgniter\CodeIgniter->handleRequest()
#7 /var/www/html/UKOM/public/index.php(45): CodeIgniter\CodeIgniter->run()
#8 /var/www/html/UKOM/vendor/codeigniter4/framework/system/Commands/Server/rewrite.php(34): require_once('/var/www/html/U...')
#9 {main}
CRITICAL - 2021-01-20 17:56:02 --> Undefined variable: Females
#0 /var/www/html/UKOM/app/Views/header.php(135): CodeIgniter\Debug\Exceptions->errorHandler()
#1 /var/www/html/UKOM/vendor/codeigniter4/framework/system/View/View.php(246): include('/var/www/html/U...')
#2 /var/www/html/UKOM/vendor/codeigniter4/framework/system/Common.php(1119): CodeIgniter\View\View->render()
#3 /var/www/html/UKOM/app/Controllers/Main.php(54): view()
#4 /var/www/html/UKOM/vendor/codeigniter4/framework/system/CodeIgniter.php(918): App\Controllers\Main->index()
#5 /var/www/html/UKOM/vendor/codeigniter4/framework/system/CodeIgniter.php(404): CodeIgniter\CodeIgniter->runController()
#6 /var/www/html/UKOM/vendor/codeigniter4/framework/system/CodeIgniter.php(312): CodeIgniter\CodeIgniter->handleRequest()
#7 /var/www/html/UKOM/public/index.php(45): CodeIgniter\CodeIgniter->run()
#8 /var/www/html/UKOM/vendor/codeigniter4/framework/system/Commands/Server/rewrite.php(34): require_once('/var/www/html/U...')
#9 {main}
CRITICAL - 2021-01-20 17:56:02 --> Undefined variable: Females
#0 /var/www/html/UKOM/app/Views/header.php(135): CodeIgniter\Debug\Exceptions->errorHandler()
#1 /var/www/html/UKOM/vendor/codeigniter4/framework/system/View/View.php(246): include('/var/www/html/U...')
#2 /var/www/html/UKOM/vendor/codeigniter4/framework/system/Common.php(1119): CodeIgniter\View\View->render()
#3 /var/www/html/UKOM/app/Controllers/Main.php(54): view()
#4 /var/www/html/UKOM/vendor/codeigniter4/framework/system/CodeIgniter.php(918): App\Controllers\Main->index()
#5 /var/www/html/UKOM/vendor/codeigniter4/framework/system/CodeIgniter.php(404): CodeIgniter\CodeIgniter->runController()
#6 /var/www/html/UKOM/vendor/codeigniter4/framework/system/CodeIgniter.php(312): CodeIgniter\CodeIgniter->handleRequest()
#7 /var/www/html/UKOM/public/index.php(45): CodeIgniter\CodeIgniter->run()
#8 /var/www/html/UKOM/vendor/codeigniter4/framework/system/Commands/Server/rewrite.php(34): require_once('/var/www/html/U...')
#9 {main}
CRITICAL - 2021-01-20 18:26:40 --> syntax error, unexpected 'Orders' (T_STRING)
#0 /var/www/html/UKOM/vendor/codeigniter4/framework/system/Autoloader/Autoloader.php(296): CodeIgniter\Autoloader\Autoloader->requireFile()
#1 /var/www/html/UKOM/vendor/codeigniter4/framework/system/Autoloader/Autoloader.php(258): CodeIgniter\Autoloader\Autoloader->loadInNamespace()
#2 [internal function]: CodeIgniter\Autoloader\Autoloader->loadClass()
#3 [internal function]: spl_autoload_call()
#4 /var/www/html/UKOM/vendor/codeigniter4/framework/system/CodeIgniter.php(869): class_exists()
#5 /var/www/html/UKOM/vendor/codeigniter4/framework/system/CodeIgniter.php(394): CodeIgniter\CodeIgniter->startController()
#6 /var/www/html/UKOM/vendor/codeigniter4/framework/system/CodeIgniter.php(312): CodeIgniter\CodeIgniter->handleRequest()
#7 /var/www/html/UKOM/public/index.php(45): CodeIgniter\CodeIgniter->run()
#8 /var/www/html/UKOM/vendor/codeigniter4/framework/system/Commands/Server/rewrite.php(34): require_once('/var/www/html/U...')
#9 {main}
CRITICAL - 2021-01-20 18:26:54 --> You have an error in your SQL syntax; check the manual that corresponds to your MySQL server version for the right syntax to use near '' at line 1
#0 /var/www/html/UKOM/vendor/codeigniter4/framework/system/Database/MySQLi/Connection.php(331): mysqli->query()
#1 /var/www/html/UKOM/vendor/codeigniter4/framework/system/Database/BaseConnection.php(741): CodeIgniter\Database\MySQLi\Connection->execute()
#2 /var/www/html/UKOM/vendor/codeigniter4/framework/system/Database/BaseConnection.php(669): CodeIgniter\Database\BaseConnection->simpleQuery()
#3 /var/www/html/UKOM/app/Controllers/Main.php(25): CodeIgniter\Database\BaseConnection->query()
#4 /var/www/html/UKOM/vendor/codeigniter4/framework/system/CodeIgniter.php(918): App\Controllers\Main->index()
#5 /var/www/html/UKOM/vendor/codeigniter4/framework/system/CodeIgniter.php(404): CodeIgniter\CodeIgniter->runController()
#6 /var/www/html/UKOM/vendor/codeigniter4/framework/system/CodeIgniter.php(312): CodeIgniter\CodeIgniter->handleRequest()
#7 /var/www/html/UKOM/public/index.php(45): CodeIgniter\CodeIgniter->run()
#8 /var/www/html/UKOM/vendor/codeigniter4/framework/system/Commands/Server/rewrite.php(34): require_once('/var/www/html/U...')
#9 {main}
CRITICAL - 2021-01-20 18:26:55 --> You have an error in your SQL syntax; check the manual that corresponds to your MySQL server version for the right syntax to use near '' at line 1
#0 /var/www/html/UKOM/vendor/codeigniter4/framework/system/Database/MySQLi/Connection.php(331): mysqli->query()
#1 /var/www/html/UKOM/vendor/codeigniter4/framework/system/Database/BaseConnection.php(741): CodeIgniter\Database\MySQLi\Connection->execute()
#2 /var/www/html/UKOM/vendor/codeigniter4/framework/system/Database/BaseConnection.php(669): CodeIgniter\Database\BaseConnection->simpleQuery()
#3 /var/www/html/UKOM/app/Controllers/Main.php(25): CodeIgniter\Database\BaseConnection->query()
#4 /var/www/html/UKOM/vendor/codeigniter4/framework/system/CodeIgniter.php(918): App\Controllers\Main->index()
#5 /var/www/html/UKOM/vendor/codeigniter4/framework/system/CodeIgniter.php(404): CodeIgniter\CodeIgniter->runController()
#6 /var/www/html/UKOM/vendor/codeigniter4/framework/system/CodeIgniter.php(312): CodeIgniter\CodeIgniter->handleRequest()
#7 /var/www/html/UKOM/public/index.php(45): CodeIgniter\CodeIgniter->run()
#8 /var/www/html/UKOM/vendor/codeigniter4/framework/system/Commands/Server/rewrite.php(34): require_once('/var/www/html/U...')
#9 {main}
CRITICAL - 2021-01-20 18:26:57 --> You have an error in your SQL syntax; check the manual that corresponds to your MySQL server version for the right syntax to use near '' at line 1
#0 /var/www/html/UKOM/vendor/codeigniter4/framework/system/Database/MySQLi/Connection.php(331): mysqli->query()
#1 /var/www/html/UKOM/vendor/codeigniter4/framework/system/Database/BaseConnection.php(741): CodeIgniter\Database\MySQLi\Connection->execute()
#2 /var/www/html/UKOM/vendor/codeigniter4/framework/system/Database/BaseConnection.php(669): CodeIgniter\Database\BaseConnection->simpleQuery()
#3 /var/www/html/UKOM/app/Controllers/Main.php(25): CodeIgniter\Database\BaseConnection->query()
#4 /var/www/html/UKOM/vendor/codeigniter4/framework/system/CodeIgniter.php(918): App\Controllers\Main->index()
#5 /var/www/html/UKOM/vendor/codeigniter4/framework/system/CodeIgniter.php(404): CodeIgniter\CodeIgniter->runController()
#6 /var/www/html/UKOM/vendor/codeigniter4/framework/system/CodeIgniter.php(312): CodeIgniter\CodeIgniter->handleRequest()
#7 /var/www/html/UKOM/public/index.php(45): CodeIgniter\CodeIgniter->run()
#8 /var/www/html/UKOM/vendor/codeigniter4/framework/system/Commands/Server/rewrite.php(34): require_once('/var/www/html/U...')
#9 {main}
CRITICAL - 2021-01-20 18:27:39 --> Undefined property: stdClass::$NAMAKEL
#0 /var/www/html/UKOM/app/Controllers/Main.php(28): CodeIgniter\Debug\Exceptions->errorHandler()
#1 /var/www/html/UKOM/vendor/codeigniter4/framework/system/CodeIgniter.php(918): App\Controllers\Main->index()
#2 /var/www/html/UKOM/vendor/codeigniter4/framework/system/CodeIgniter.php(404): CodeIgniter\CodeIgniter->runController()
#3 /var/www/html/UKOM/vendor/codeigniter4/framework/system/CodeIgniter.php(312): CodeIgniter\CodeIgniter->handleRequest()
#4 /var/www/html/UKOM/public/index.php(45): CodeIgniter\CodeIgniter->run()
#5 /var/www/html/UKOM/vendor/codeigniter4/framework/system/Commands/Server/rewrite.php(34): require_once('/var/www/html/U...')
#6 {main}
CRITICAL - 2021-01-20 18:27:40 --> Undefined property: stdClass::$NAMAKEL
#0 /var/www/html/UKOM/app/Controllers/Main.php(28): CodeIgniter\Debug\Exceptions->errorHandler()
#1 /var/www/html/UKOM/vendor/codeigniter4/framework/system/CodeIgniter.php(918): App\Controllers\Main->index()
#2 /var/www/html/UKOM/vendor/codeigniter4/framework/system/CodeIgniter.php(404): CodeIgniter\CodeIgniter->runController()
#3 /var/www/html/UKOM/vendor/codeigniter4/framework/system/CodeIgniter.php(312): CodeIgniter\CodeIgniter->handleRequest()
#4 /var/www/html/UKOM/public/index.php(45): CodeIgniter\CodeIgniter->run()
#5 /var/www/html/UKOM/vendor/codeigniter4/framework/system/Commands/Server/rewrite.php(34): require_once('/var/www/html/U...')
#6 {main}
CRITICAL - 2021-01-20 18:27:41 --> Undefined property: stdClass::$NAMAKEL
#0 /var/www/html/UKOM/app/Controllers/Main.php(28): CodeIgniter\Debug\Exceptions->errorHandler()
#1 /var/www/html/UKOM/vendor/codeigniter4/framework/system/CodeIgniter.php(918): App\Controllers\Main->index()
#2 /var/www/html/UKOM/vendor/codeigniter4/framework/system/CodeIgniter.php(404): CodeIgniter\CodeIgniter->runController()
#3 /var/www/html/UKOM/vendor/codeigniter4/framework/system/CodeIgniter.php(312): CodeIgniter\CodeIgniter->handleRequest()
#4 /var/www/html/UKOM/public/index.php(45): CodeIgniter\CodeIgniter->run()
#5 /var/www/html/UKOM/vendor/codeigniter4/framework/system/Commands/Server/rewrite.php(34): require_once('/var/www/html/U...')
#6 {main}
CRITICAL - 2021-01-20 18:51:25 --> Illegal offset type
#0 /var/www/html/UKOM/app/Controllers/Main.php(39): CodeIgniter\Debug\Exceptions->errorHandler()
#1 /var/www/html/UKOM/vendor/codeigniter4/framework/system/CodeIgniter.php(918): App\Controllers\Main->index()
#2 /var/www/html/UKOM/vendor/codeigniter4/framework/system/CodeIgniter.php(404): CodeIgniter\CodeIgniter->runController()
#3 /var/www/html/UKOM/vendor/codeigniter4/framework/system/CodeIgniter.php(312): CodeIgniter\CodeIgniter->handleRequest()
#4 /var/www/html/UKOM/public/index.php(45): CodeIgniter\CodeIgniter->run()
#5 /var/www/html/UKOM/vendor/codeigniter4/framework/system/Commands/Server/rewrite.php(34): require_once('/var/www/html/U...')
#6 {main}
CRITICAL - 2021-01-20 19:20:34 --> Undefined variable: Bulan
#0 /var/www/html/UKOM/app/Views/header.php(212): CodeIgniter\Debug\Exceptions->errorHandler()
#1 /var/www/html/UKOM/vendor/codeigniter4/framework/system/View/View.php(246): include('/var/www/html/U...')
#2 /var/www/html/UKOM/vendor/codeigniter4/framework/system/Common.php(1119): CodeIgniter\View\View->render()
#3 /var/www/html/UKOM/app/Controllers/Main.php(72): view()
#4 /var/www/html/UKOM/vendor/codeigniter4/framework/system/CodeIgniter.php(918): App\Controllers\Main->index()
#5 /var/www/html/UKOM/vendor/codeigniter4/framework/system/CodeIgniter.php(404): CodeIgniter\CodeIgniter->runController()
#6 /var/www/html/UKOM/vendor/codeigniter4/framework/system/CodeIgniter.php(312): CodeIgniter\CodeIgniter->handleRequest()
#7 /var/www/html/UKOM/public/index.php(45): CodeIgniter\CodeIgniter->run()
#8 /var/www/html/UKOM/vendor/codeigniter4/framework/system/Commands/Server/rewrite.php(34): require_once('/var/www/html/U...')
#9 {main}
CRITICAL - 2021-01-20 21:24:20 --> Undefined property: stdClass::$NAMADOC
#0 /var/www/html/UKOM/app/Views/header.php(354): CodeIgniter\Debug\Exceptions->errorHandler()
#1 /var/www/html/UKOM/vendor/codeigniter4/framework/system/View/View.php(246): include('/var/www/html/U...')
#2 /var/www/html/UKOM/vendor/codeigniter4/framework/system/Common.php(1119): CodeIgniter\View\View->render()
#3 /var/www/html/UKOM/app/Controllers/Main.php(95): view()
#4 /var/www/html/UKOM/vendor/codeigniter4/framework/system/CodeIgniter.php(918): App\Controllers\Main->index()
#5 /var/www/html/UKOM/vendor/codeigniter4/framework/system/CodeIgniter.php(404): CodeIgniter\CodeIgniter->runController()
#6 /var/www/html/UKOM/vendor/codeigniter4/framework/system/CodeIgniter.php(312): CodeIgniter\CodeIgniter->handleRequest()
#7 /var/www/html/UKOM/public/index.php(45): CodeIgniter\CodeIgniter->run()
#8 /var/www/html/UKOM/vendor/codeigniter4/framework/system/Commands/Server/rewrite.php(34): require_once('/var/www/html/U...')
#9 {main}
CRITICAL - 2021-01-20 21:24:37 --> Undefined property: stdClass::$NAMARS
#0 /var/www/html/UKOM/app/Views/header.php(355): CodeIgniter\Debug\Exceptions->errorHandler()
#1 /var/www/html/UKOM/vendor/codeigniter4/framework/system/View/View.php(246): include('/var/www/html/U...')
#2 /var/www/html/UKOM/vendor/codeigniter4/framework/system/Common.php(1119): CodeIgniter\View\View->render()
#3 /var/www/html/UKOM/app/Controllers/Main.php(95): view()
#4 /var/www/html/UKOM/vendor/codeigniter4/framework/system/CodeIgniter.php(918): App\Controllers\Main->index()
#5 /var/www/html/UKOM/vendor/codeigniter4/framework/system/CodeIgniter.php(404): CodeIgniter\CodeIgniter->runController()
#6 /var/www/html/UKOM/vendor/codeigniter4/framework/system/CodeIgniter.php(312): CodeIgniter\CodeIgniter->handleRequest()
#7 /var/www/html/UKOM/public/index.php(45): CodeIgniter\CodeIgniter->run()
#8 /var/www/html/UKOM/vendor/codeigniter4/framework/system/Commands/Server/rewrite.php(34): require_once('/var/www/html/U...')
#9 {main}
CRITICAL - 2021-01-20 21:24:40 --> Undefined property: stdClass::$NAMARS
#0 /var/www/html/UKOM/app/Views/header.php(355): CodeIgniter\Debug\Exceptions->errorHandler()
#1 /var/www/html/UKOM/vendor/codeigniter4/framework/system/View/View.php(246): include('/var/www/html/U...')
#2 /var/www/html/UKOM/vendor/codeigniter4/framework/system/Common.php(1119): CodeIgniter\View\View->render()
#3 /var/www/html/UKOM/app/Controllers/Main.php(95): view()
#4 /var/www/html/UKOM/vendor/codeigniter4/framework/system/CodeIgniter.php(918): App\Controllers\Main->index()
#5 /var/www/html/UKOM/vendor/codeigniter4/framework/system/CodeIgniter.php(404): CodeIgniter\CodeIgniter->runController()
#6 /var/www/html/UKOM/vendor/codeigniter4/framework/system/CodeIgniter.php(312): CodeIgniter\CodeIgniter->handleRequest()
#7 /var/www/html/UKOM/public/index.php(45): CodeIgniter\CodeIgniter->run()
#8 /var/www/html/UKOM/vendor/codeigniter4/framework/system/Commands/Server/rewrite.php(34): require_once('/var/www/html/U...')
#9 {main}
CRITICAL - 2021-01-20 21:24:41 --> Undefined property: stdClass::$NAMARS
#0 /var/www/html/UKOM/app/Views/header.php(355): CodeIgniter\Debug\Exceptions->errorHandler()
#1 /var/www/html/UKOM/vendor/codeigniter4/framework/system/View/View.php(246): include('/var/www/html/U...')
#2 /var/www/html/UKOM/vendor/codeigniter4/framework/system/Common.php(1119): CodeIgniter\View\View->render()
#3 /var/www/html/UKOM/app/Controllers/Main.php(95): view()
#4 /var/www/html/UKOM/vendor/codeigniter4/framework/system/CodeIgniter.php(918): App\Controllers\Main->index()
#5 /var/www/html/UKOM/vendor/codeigniter4/framework/system/CodeIgniter.php(404): CodeIgniter\CodeIgniter->runController()
#6 /var/www/html/UKOM/vendor/codeigniter4/framework/system/CodeIgniter.php(312): CodeIgniter\CodeIgniter->handleRequest()
#7 /var/www/html/UKOM/public/index.php(45): CodeIgniter\CodeIgniter->run()
#8 /var/www/html/UKOM/vendor/codeigniter4/framework/system/Commands/Server/rewrite.php(34): require_once('/var/www/html/U...')
#9 {main}
CRITICAL - 2021-01-20 21:32:51 --> Array to string conversion
#0 /var/www/html/UKOM/app/Views/header.php(67): CodeIgniter\Debug\Exceptions->errorHandler()
#1 /var/www/html/UKOM/vendor/codeigniter4/framework/system/View/View.php(246): include('/var/www/html/U...')
#2 /var/www/html/UKOM/vendor/codeigniter4/framework/system/Common.php(1119): CodeIgniter\View\View->render()
#3 /var/www/html/UKOM/app/Controllers/Main.php(107): view()
#4 /var/www/html/UKOM/vendor/codeigniter4/framework/system/CodeIgniter.php(918): App\Controllers\Main->index()
#5 /var/www/html/UKOM/vendor/codeigniter4/framework/system/CodeIgniter.php(404): CodeIgniter\CodeIgniter->runController()
#6 /var/www/html/UKOM/vendor/codeigniter4/framework/system/CodeIgniter.php(312): CodeIgniter\CodeIgniter->handleRequest()
#7 /var/www/html/UKOM/public/index.php(45): CodeIgniter\CodeIgniter->run()
#8 /var/www/html/UKOM/vendor/codeigniter4/framework/system/Commands/Server/rewrite.php(34): require_once('/var/www/html/U...')
#9 {main}
